<?xml version="1.0" encoding="UTF-8"?>
<!-- Generated by org.testng.reporters.JUnitReportReporter -->
<testsuite hostname="MacBook-Pro" failures="0" tests="1" name="com.automationexercise.qa.testcases.ContactUsTest" time="20.652" errors="0" timestamp="2023-09-22T15:38:15 IST" skipped="0">
  <testcase classname="com.automationexercise.qa.testcases.ContactUsTest" name="verifyContactUs" time="20.652"/>
</testsuite> <!-- com.automationexercise.qa.testcases.ContactUsTest -->
