<?xml version="1.0" encoding="UTF-8"?>
<!-- Generated by org.testng.reporters.JUnitReportReporter -->
<testsuite hostname="MacBook-Pro" failures="0" tests="5" name="com.automationexercise.qa.testcases.LoginTest" time="154.400" errors="0" timestamp="2023-09-22T15:38:15 IST" skipped="0">
  <testcase classname="com.automationexercise.qa.testcases.LoginTest" name="verifyLoginUserWithCorrectEmailAndPassword" time="10.659"/>
  <testcase classname="com.automationexercise.qa.testcases.LoginTest" name="verifyLoginUserWithCorrectEmailAndPassword" time="11.377"/>
  <testcase classname="com.automationexercise.qa.testcases.LoginTest" name="verifyLoginUserWithCorrectEmailAndPassword" time="79.580"/>
  <testcase classname="com.automationexercise.qa.testcases.LoginTest" name="verifyLoginUserWithInCorrectEmailAndPassword" time="17.742"/>
  <testcase classname="com.automationexercise.qa.testcases.LoginTest" name="registerUserWithExistingEmail" time="35.042"/>
</testsuite> <!-- com.automationexercise.qa.testcases.LoginTest -->
